Electric Version 9.07
--------------- 0 --------------
  Wed Feb 14 23:12:20 CST 2024
Menu Activated: Edit | Move | Move Objects Down
--------------- 1 --------------
  Wed Feb 14 23:16:19 CST 2024
Menu Activated: Shortcuts | Switch Wiring Target
--------------- 2 --------------
  Wed Feb 14 23:16:19 CST 2024
ProcessKeyBinding 400 when=1707974179478 modifiers=0 code=0 char=20 false false
--------------- 3 --------------
  Wed Feb 14 23:16:52 CST 2024
Menu Activated: Edit | Modes | Edit | Click/Zoom/Wire
--------------- 4 --------------
  Wed Feb 14 23:16:52 CST 2024
ProcessKeyBinding 400 when=1707974212331 modifiers=0 code=0 char=73(s) false false
--------------- 5 --------------
  Wed Feb 14 23:17:00 CST 2024
Menu Activated: Edit | Modes | Edit | Toggle Measure Distance
--------------- 6 --------------
  Wed Feb 14 23:17:00 CST 2024
ProcessKeyBinding 400 when=1707974220977 modifiers=0 code=0 char=6d(m) false false
--------------- 7 --------------
  Wed Feb 14 23:17:01 CST 2024
Menu Activated: Edit | Modes | Edit | Toggle Measure Distance
--------------- 8 --------------
  Wed Feb 14 23:17:01 CST 2024
ProcessKeyBinding 400 when=1707974221495 modifiers=0 code=0 char=6d(m) false false
--------------- 9 --------------
  Wed Feb 14 23:17:01 CST 2024
Menu Activated: Edit | Modes | Edit | Toggle Measure Distance
--------------- 10 --------------
  Wed Feb 14 23:17:01 CST 2024
ProcessKeyBinding 400 when=1707974221529 modifiers=0 code=0 char=6d(m) false false
--------------- 11 --------------
  Wed Feb 14 23:17:01 CST 2024
Menu Activated: Edit | Modes | Edit | Toggle Measure Distance
--------------- 12 --------------
  Wed Feb 14 23:17:01 CST 2024
ProcessKeyBinding 400 when=1707974221564 modifiers=0 code=0 char=6d(m) false false
--------------- 13 --------------
  Wed Feb 14 23:17:01 CST 2024
Menu Activated: Edit | Modes | Edit | Toggle Measure Distance
--------------- 14 --------------
  Wed Feb 14 23:17:01 CST 2024
ProcessKeyBinding 400 when=1707974221594 modifiers=0 code=0 char=6d(m) false false
--------------- 15 --------------
  Wed Feb 14 23:17:01 CST 2024
Menu Activated: Edit | Modes | Edit | Toggle Measure Distance
--------------- 16 --------------
  Wed Feb 14 23:17:01 CST 2024
ProcessKeyBinding 400 when=1707974221628 modifiers=0 code=0 char=6d(m) false false
--------------- 17 --------------
  Wed Feb 14 23:17:01 CST 2024
Menu Activated: Edit | Modes | Edit | Toggle Measure Distance
--------------- 18 --------------
  Wed Feb 14 23:17:01 CST 2024
ProcessKeyBinding 400 when=1707974221661 modifiers=0 code=0 char=6d(m) false false
--------------- 19 --------------
  Wed Feb 14 23:17:01 CST 2024
Menu Activated: Edit | Modes | Edit | Toggle Measure Distance
--------------- 20 --------------
  Wed Feb 14 23:17:01 CST 2024
ProcessKeyBinding 400 when=1707974221697 modifiers=0 code=0 char=6d(m) false false
--------------- 21 --------------
  Wed Feb 14 23:17:01 CST 2024
Menu Activated: Edit | Modes | Edit | Toggle Measure Distance
--------------- 22 --------------
  Wed Feb 14 23:17:01 CST 2024
ProcessKeyBinding 400 when=1707974221729 modifiers=0 code=0 char=6d(m) false false
--------------- 23 --------------
  Wed Feb 14 23:17:01 CST 2024
Menu Activated: Edit | Modes | Edit | Toggle Measure Distance
--------------- 24 --------------
  Wed Feb 14 23:17:01 CST 2024
ProcessKeyBinding 400 when=1707974221763 modifiers=0 code=0 char=6d(m) false false
--------------- 25 --------------
  Wed Feb 14 23:17:01 CST 2024
Menu Activated: Edit | Modes | Edit | Toggle Measure Distance
--------------- 26 --------------
  Wed Feb 14 23:17:01 CST 2024
ProcessKeyBinding 400 when=1707974221797 modifiers=0 code=0 char=6d(m) false false
--------------- 27 --------------
  Wed Feb 14 23:17:01 CST 2024
Menu Activated: Edit | Modes | Edit | Toggle Measure Distance
--------------- 28 --------------
  Wed Feb 14 23:17:01 CST 2024
ProcessKeyBinding 400 when=1707974221829 modifiers=0 code=0 char=6d(m) false false
--------------- 29 --------------
  Wed Feb 14 23:17:01 CST 2024
Menu Activated: Edit | Modes | Edit | Toggle Measure Distance
--------------- 30 --------------
  Wed Feb 14 23:17:01 CST 2024
ProcessKeyBinding 400 when=1707974221863 modifiers=0 code=0 char=6d(m) false false
--------------- 31 --------------
  Wed Feb 14 23:17:01 CST 2024
Menu Activated: Edit | Modes | Edit | Toggle Measure Distance
--------------- 32 --------------
  Wed Feb 14 23:17:01 CST 2024
ProcessKeyBinding 400 when=1707974221895 modifiers=0 code=0 char=6d(m) false false
--------------- 33 --------------
  Wed Feb 14 23:17:01 CST 2024
Menu Activated: Edit | Modes | Edit | Toggle Measure Distance
--------------- 34 --------------
  Wed Feb 14 23:17:01 CST 2024
ProcessKeyBinding 400 when=1707974221929 modifiers=0 code=0 char=6d(m) false false
--------------- 35 --------------
  Wed Feb 14 23:17:01 CST 2024
Menu Activated: Edit | Modes | Edit | Toggle Measure Distance
--------------- 36 --------------
  Wed Feb 14 23:17:01 CST 2024
ProcessKeyBinding 400 when=1707974221963 modifiers=0 code=0 char=6d(m) false false
--------------- 37 --------------
  Wed Feb 14 23:17:01 CST 2024
Menu Activated: Edit | Modes | Edit | Toggle Measure Distance
--------------- 38 --------------
  Wed Feb 14 23:17:01 CST 2024
ProcessKeyBinding 400 when=1707974221998 modifiers=0 code=0 char=6d(m) false false
--------------- 39 --------------
  Wed Feb 14 23:17:02 CST 2024
Menu Activated: Edit | Modes | Edit | Toggle Measure Distance
--------------- 40 --------------
  Wed Feb 14 23:17:02 CST 2024
ProcessKeyBinding 400 when=1707974222031 modifiers=0 code=0 char=6d(m) false false
--------------- 41 --------------
  Wed Feb 14 23:17:02 CST 2024
Menu Activated: Edit | Modes | Edit | Toggle Measure Distance
--------------- 42 --------------
  Wed Feb 14 23:17:02 CST 2024
ProcessKeyBinding 400 when=1707974222063 modifiers=0 code=0 char=6d(m) false false
--------------- 43 --------------
  Wed Feb 14 23:17:02 CST 2024
Menu Activated: Edit | Modes | Edit | Toggle Measure Distance
--------------- 44 --------------
  Wed Feb 14 23:17:02 CST 2024
ProcessKeyBinding 400 when=1707974222096 modifiers=0 code=0 char=6d(m) false false
--------------- 45 --------------
  Wed Feb 14 23:17:02 CST 2024
Menu Activated: Edit | Modes | Edit | Toggle Measure Distance
--------------- 46 --------------
  Wed Feb 14 23:17:02 CST 2024
ProcessKeyBinding 400 when=1707974222129 modifiers=0 code=0 char=6d(m) false false
--------------- 47 --------------
  Wed Feb 14 23:17:02 CST 2024
Menu Activated: Edit | Modes | Edit | Toggle Measure Distance
--------------- 48 --------------
  Wed Feb 14 23:17:02 CST 2024
ProcessKeyBinding 400 when=1707974222161 modifiers=0 code=0 char=6d(m) false false
--------------- 49 --------------
  Wed Feb 14 23:17:02 CST 2024
Menu Activated: Edit | Modes | Edit | Toggle Measure Distance
--------------- 50 --------------
  Wed Feb 14 23:17:02 CST 2024
ProcessKeyBinding 400 when=1707974222195 modifiers=0 code=0 char=6d(m) false false
--------------- 51 --------------
  Wed Feb 14 23:17:02 CST 2024
Menu Activated: Edit | Modes | Edit | Toggle Measure Distance
--------------- 52 --------------
  Wed Feb 14 23:17:02 CST 2024
ProcessKeyBinding 400 when=1707974222231 modifiers=0 code=0 char=6d(m) false false
--------------- 53 --------------
  Wed Feb 14 23:17:02 CST 2024
Menu Activated: Edit | Modes | Edit | Toggle Measure Distance
--------------- 54 --------------
  Wed Feb 14 23:17:02 CST 2024
ProcessKeyBinding 400 when=1707974222265 modifiers=0 code=0 char=6d(m) false false
--------------- 55 --------------
  Wed Feb 14 23:17:02 CST 2024
Menu Activated: Edit | Modes | Edit | Toggle Measure Distance
--------------- 56 --------------
  Wed Feb 14 23:17:02 CST 2024
ProcessKeyBinding 400 when=1707974222297 modifiers=0 code=0 char=6d(m) false false
--------------- 57 --------------
  Wed Feb 14 23:17:02 CST 2024
Menu Activated: Edit | Modes | Edit | Toggle Measure Distance
--------------- 58 --------------
  Wed Feb 14 23:17:02 CST 2024
ProcessKeyBinding 400 when=1707974222330 modifiers=0 code=0 char=6d(m) false false
--------------- 59 --------------
  Wed Feb 14 23:17:02 CST 2024
Menu Activated: Edit | Modes | Edit | Toggle Measure Distance
--------------- 60 --------------
  Wed Feb 14 23:17:02 CST 2024
ProcessKeyBinding 400 when=1707974222363 modifiers=0 code=0 char=6d(m) false false
--------------- 61 --------------
  Wed Feb 14 23:17:02 CST 2024
Menu Activated: Edit | Modes | Edit | Toggle Measure Distance
--------------- 62 --------------
  Wed Feb 14 23:17:02 CST 2024
ProcessKeyBinding 400 when=1707974222396 modifiers=0 code=0 char=6d(m) false false
--------------- 63 --------------
  Wed Feb 14 23:17:02 CST 2024
Menu Activated: Edit | Modes | Edit | Toggle Measure Distance
--------------- 64 --------------
  Wed Feb 14 23:17:02 CST 2024
ProcessKeyBinding 400 when=1707974222429 modifiers=0 code=0 char=6d(m) false false
--------------- 65 --------------
  Wed Feb 14 23:17:02 CST 2024
Menu Activated: Edit | Modes | Edit | Toggle Measure Distance
--------------- 66 --------------
  Wed Feb 14 23:17:02 CST 2024
ProcessKeyBinding 400 when=1707974222463 modifiers=0 code=0 char=6d(m) false false
--------------- 67 --------------
  Wed Feb 14 23:17:02 CST 2024
Menu Activated: Edit | Modes | Edit | Toggle Measure Distance
--------------- 68 --------------
  Wed Feb 14 23:17:02 CST 2024
ProcessKeyBinding 400 when=1707974222499 modifiers=0 code=0 char=6d(m) false false
--------------- 69 --------------
  Wed Feb 14 23:17:02 CST 2024
Menu Activated: Edit | Modes | Edit | Toggle Measure Distance
--------------- 70 --------------
  Wed Feb 14 23:17:02 CST 2024
ProcessKeyBinding 400 when=1707974222530 modifiers=0 code=0 char=6d(m) false false
--------------- 71 --------------
  Wed Feb 14 23:17:02 CST 2024
Menu Activated: Edit | Modes | Edit | Toggle Measure Distance
--------------- 72 --------------
  Wed Feb 14 23:17:02 CST 2024
ProcessKeyBinding 400 when=1707974222566 modifiers=0 code=0 char=6d(m) false false
--------------- 73 --------------
  Wed Feb 14 23:17:02 CST 2024
Menu Activated: Edit | Modes | Edit | Toggle Measure Distance
--------------- 74 --------------
  Wed Feb 14 23:17:02 CST 2024
ProcessKeyBinding 400 when=1707974222597 modifiers=0 code=0 char=6d(m) false false
--------------- 75 --------------
  Wed Feb 14 23:17:02 CST 2024
Menu Activated: Edit | Modes | Edit | Toggle Measure Distance
--------------- 76 --------------
  Wed Feb 14 23:17:02 CST 2024
ProcessKeyBinding 400 when=1707974222629 modifiers=0 code=0 char=6d(m) false false
--------------- 77 --------------
  Wed Feb 14 23:17:02 CST 2024
Menu Activated: Edit | Modes | Edit | Toggle Measure Distance
--------------- 78 --------------
  Wed Feb 14 23:17:02 CST 2024
ProcessKeyBinding 400 when=1707974222663 modifiers=0 code=0 char=6d(m) false false
--------------- 79 --------------
  Wed Feb 14 23:17:02 CST 2024
Menu Activated: Edit | Modes | Edit | Toggle Measure Distance
--------------- 80 --------------
  Wed Feb 14 23:17:02 CST 2024
ProcessKeyBinding 400 when=1707974222696 modifiers=0 code=0 char=6d(m) false false
--------------- 81 --------------
  Wed Feb 14 23:17:02 CST 2024
Menu Activated: Edit | Modes | Edit | Toggle Measure Distance
--------------- 82 --------------
  Wed Feb 14 23:17:02 CST 2024
ProcessKeyBinding 400 when=1707974222730 modifiers=0 code=0 char=6d(m) false false
--------------- 83 --------------
  Wed Feb 14 23:17:02 CST 2024
Menu Activated: Edit | Modes | Edit | Toggle Measure Distance
--------------- 84 --------------
  Wed Feb 14 23:17:02 CST 2024
ProcessKeyBinding 400 when=1707974222765 modifiers=0 code=0 char=6d(m) false false
--------------- 85 --------------
  Wed Feb 14 23:17:02 CST 2024
Menu Activated: Edit | Modes | Edit | Toggle Measure Distance
--------------- 86 --------------
  Wed Feb 14 23:17:02 CST 2024
ProcessKeyBinding 400 when=1707974222798 modifiers=0 code=0 char=6d(m) false false
--------------- 87 --------------
  Wed Feb 14 23:17:02 CST 2024
Menu Activated: Edit | Modes | Edit | Toggle Measure Distance
--------------- 88 --------------
  Wed Feb 14 23:17:02 CST 2024
ProcessKeyBinding 400 when=1707974222830 modifiers=0 code=0 char=6d(m) false false
--------------- 89 --------------
  Wed Feb 14 23:17:02 CST 2024
Menu Activated: Edit | Modes | Edit | Toggle Measure Distance
--------------- 90 --------------
  Wed Feb 14 23:17:02 CST 2024
ProcessKeyBinding 400 when=1707974222863 modifiers=0 code=0 char=6d(m) false false
--------------- 91 --------------
  Wed Feb 14 23:17:02 CST 2024
Menu Activated: Edit | Modes | Edit | Toggle Measure Distance
--------------- 92 --------------
  Wed Feb 14 23:17:02 CST 2024
ProcessKeyBinding 400 when=1707974222897 modifiers=0 code=0 char=6d(m) false false
--------------- 93 --------------
  Wed Feb 14 23:17:02 CST 2024
Menu Activated: Edit | Modes | Edit | Toggle Measure Distance
--------------- 94 --------------
  Wed Feb 14 23:17:02 CST 2024
ProcessKeyBinding 400 when=1707974222930 modifiers=0 code=0 char=6d(m) false false
--------------- 95 --------------
  Wed Feb 14 23:17:02 CST 2024
Menu Activated: Edit | Modes | Edit | Toggle Measure Distance
--------------- 96 --------------
  Wed Feb 14 23:17:02 CST 2024
ProcessKeyBinding 400 when=1707974222963 modifiers=0 code=0 char=6d(m) false false
--------------- 97 --------------
  Wed Feb 14 23:17:02 CST 2024
Menu Activated: Edit | Modes | Edit | Toggle Measure Distance
--------------- 98 --------------
  Wed Feb 14 23:17:02 CST 2024
ProcessKeyBinding 400 when=1707974222995 modifiers=0 code=0 char=6d(m) false false
--------------- 99 --------------
  Wed Feb 14 23:17:03 CST 2024
Menu Activated: Edit | Modes | Edit | Toggle Measure Distance
--------------- 100 --------------
  Wed Feb 14 23:17:03 CST 2024
ProcessKeyBinding 400 when=1707974223031 modifiers=0 code=0 char=6d(m) false false
--------------- 101 --------------
  Wed Feb 14 23:17:03 CST 2024
Menu Activated: Edit | Modes | Edit | Toggle Measure Distance
--------------- 102 --------------
  Wed Feb 14 23:17:03 CST 2024
ProcessKeyBinding 400 when=1707974223066 modifiers=0 code=0 char=6d(m) false false
--------------- 103 --------------
  Wed Feb 14 23:17:03 CST 2024
Menu Activated: Edit | Modes | Edit | Toggle Measure Distance
--------------- 104 --------------
  Wed Feb 14 23:17:03 CST 2024
ProcessKeyBinding 400 when=1707974223097 modifiers=0 code=0 char=6d(m) false false
--------------- 105 --------------
  Wed Feb 14 23:17:03 CST 2024
Menu Activated: Edit | Modes | Edit | Toggle Measure Distance
--------------- 106 --------------
  Wed Feb 14 23:17:03 CST 2024
ProcessKeyBinding 400 when=1707974223131 modifiers=0 code=0 char=6d(m) false false
--------------- 107 --------------
  Wed Feb 14 23:17:03 CST 2024
Menu Activated: Edit | Modes | Edit | Toggle Measure Distance
--------------- 108 --------------
  Wed Feb 14 23:17:03 CST 2024
ProcessKeyBinding 400 when=1707974223162 modifiers=0 code=0 char=6d(m) false false
--------------- 109 --------------
  Wed Feb 14 23:17:03 CST 2024
Menu Activated: Edit | Modes | Edit | Toggle Measure Distance
--------------- 110 --------------
  Wed Feb 14 23:17:03 CST 2024
ProcessKeyBinding 400 when=1707974223196 modifiers=0 code=0 char=6d(m) false false
--------------- 111 --------------
  Wed Feb 14 23:17:03 CST 2024
Menu Activated: Edit | Modes | Edit | Toggle Measure Distance
--------------- 112 --------------
  Wed Feb 14 23:17:03 CST 2024
ProcessKeyBinding 400 when=1707974223231 modifiers=0 code=0 char=6d(m) false false
--------------- 113 --------------
  Wed Feb 14 23:17:03 CST 2024
Menu Activated: Edit | Modes | Edit | Toggle Measure Distance
--------------- 114 --------------
  Wed Feb 14 23:17:03 CST 2024
ProcessKeyBinding 400 when=1707974223265 modifiers=0 code=0 char=6d(m) false false
--------------- 115 --------------
  Wed Feb 14 23:17:03 CST 2024
Menu Activated: Edit | Modes | Edit | Toggle Measure Distance
--------------- 116 --------------
  Wed Feb 14 23:17:03 CST 2024
ProcessKeyBinding 400 when=1707974223299 modifiers=0 code=0 char=6d(m) false false
--------------- 117 --------------
  Wed Feb 14 23:17:03 CST 2024
Menu Activated: Edit | Modes | Edit | Toggle Measure Distance
--------------- 118 --------------
  Wed Feb 14 23:17:03 CST 2024
ProcessKeyBinding 400 when=1707974223330 modifiers=0 code=0 char=6d(m) false false
--------------- 119 --------------
  Wed Feb 14 23:17:03 CST 2024
Menu Activated: Edit | Modes | Edit | Toggle Measure Distance
--------------- 120 --------------
  Wed Feb 14 23:17:03 CST 2024
ProcessKeyBinding 400 when=1707974223363 modifiers=0 code=0 char=6d(m) false false
--------------- 121 --------------
  Wed Feb 14 23:17:03 CST 2024
Menu Activated: Edit | Modes | Edit | Toggle Measure Distance
--------------- 122 --------------
  Wed Feb 14 23:17:03 CST 2024
ProcessKeyBinding 400 when=1707974223397 modifiers=0 code=0 char=6d(m) false false
--------------- 123 --------------
  Wed Feb 14 23:17:03 CST 2024
Menu Activated: Edit | Modes | Edit | Toggle Measure Distance
--------------- 124 --------------
  Wed Feb 14 23:17:03 CST 2024
ProcessKeyBinding 400 when=1707974223430 modifiers=0 code=0 char=6d(m) false false
--------------- 125 --------------
  Wed Feb 14 23:17:03 CST 2024
Menu Activated: Edit | Modes | Edit | Toggle Measure Distance
--------------- 126 --------------
  Wed Feb 14 23:17:03 CST 2024
ProcessKeyBinding 400 when=1707974223463 modifiers=0 code=0 char=6d(m) false false
--------------- 127 --------------
  Wed Feb 14 23:17:03 CST 2024
Menu Activated: Edit | Modes | Edit | Toggle Measure Distance
--------------- 128 --------------
  Wed Feb 14 23:17:03 CST 2024
ProcessKeyBinding 400 when=1707974223497 modifiers=0 code=0 char=6d(m) false false
--------------- 129 --------------
  Wed Feb 14 23:17:03 CST 2024
Menu Activated: Edit | Modes | Edit | Toggle Measure Distance
--------------- 130 --------------
  Wed Feb 14 23:17:03 CST 2024
ProcessKeyBinding 400 when=1707974223533 modifiers=0 code=0 char=6d(m) false false
--------------- 131 --------------
  Wed Feb 14 23:17:03 CST 2024
Menu Activated: Edit | Modes | Edit | Toggle Measure Distance
--------------- 132 --------------
  Wed Feb 14 23:17:03 CST 2024
ProcessKeyBinding 400 when=1707974223566 modifiers=0 code=0 char=6d(m) false false
--------------- 133 --------------
  Wed Feb 14 23:17:03 CST 2024
Menu Activated: Edit | Modes | Edit | Toggle Measure Distance
--------------- 134 --------------
  Wed Feb 14 23:17:03 CST 2024
ProcessKeyBinding 400 when=1707974223599 modifiers=0 code=0 char=6d(m) false false
--------------- 135 --------------
  Wed Feb 14 23:17:03 CST 2024
Menu Activated: Edit | Modes | Edit | Toggle Measure Distance
--------------- 136 --------------
  Wed Feb 14 23:17:03 CST 2024
ProcessKeyBinding 400 when=1707974223630 modifiers=0 code=0 char=6d(m) false false
--------------- 137 --------------
  Wed Feb 14 23:17:03 CST 2024
Menu Activated: Edit | Modes | Edit | Toggle Measure Distance
--------------- 138 --------------
  Wed Feb 14 23:17:03 CST 2024
ProcessKeyBinding 400 when=1707974223663 modifiers=0 code=0 char=6d(m) false false
--------------- 139 --------------
  Wed Feb 14 23:17:03 CST 2024
Menu Activated: Edit | Modes | Edit | Toggle Measure Distance
--------------- 140 --------------
  Wed Feb 14 23:17:03 CST 2024
ProcessKeyBinding 400 when=1707974223697 modifiers=0 code=0 char=6d(m) false false
--------------- 141 --------------
  Wed Feb 14 23:17:03 CST 2024
Menu Activated: Edit | Modes | Edit | Toggle Measure Distance
--------------- 142 --------------
  Wed Feb 14 23:17:03 CST 2024
ProcessKeyBinding 400 when=1707974223730 modifiers=0 code=0 char=6d(m) false false
--------------- 143 --------------
  Wed Feb 14 23:17:03 CST 2024
Menu Activated: Edit | Modes | Edit | Toggle Measure Distance
--------------- 144 --------------
  Wed Feb 14 23:17:03 CST 2024
ProcessKeyBinding 400 when=1707974223765 modifiers=0 code=0 char=6d(m) false false
--------------- 145 --------------
  Wed Feb 14 23:17:03 CST 2024
Menu Activated: Edit | Modes | Edit | Toggle Measure Distance
--------------- 146 --------------
  Wed Feb 14 23:17:03 CST 2024
ProcessKeyBinding 400 when=1707974223798 modifiers=0 code=0 char=6d(m) false false
--------------- 147 --------------
  Wed Feb 14 23:17:03 CST 2024
Menu Activated: Edit | Modes | Edit | Toggle Measure Distance
--------------- 148 --------------
  Wed Feb 14 23:17:03 CST 2024
ProcessKeyBinding 400 when=1707974223831 modifiers=0 code=0 char=6d(m) false false
--------------- 149 --------------
  Wed Feb 14 23:17:03 CST 2024
Menu Activated: Edit | Modes | Edit | Toggle Measure Distance
--------------- 150 --------------
  Wed Feb 14 23:17:03 CST 2024
ProcessKeyBinding 400 when=1707974223863 modifiers=0 code=0 char=6d(m) false false
--------------- 151 --------------
  Wed Feb 14 23:17:03 CST 2024
Menu Activated: Edit | Modes | Edit | Toggle Measure Distance
--------------- 152 --------------
  Wed Feb 14 23:17:03 CST 2024
ProcessKeyBinding 400 when=1707974223897 modifiers=0 code=0 char=6d(m) false false
--------------- 153 --------------
  Wed Feb 14 23:17:03 CST 2024
Menu Activated: Edit | Modes | Edit | Toggle Measure Distance
--------------- 154 --------------
  Wed Feb 14 23:17:03 CST 2024
ProcessKeyBinding 400 when=1707974223931 modifiers=0 code=0 char=6d(m) false false
--------------- 155 --------------
  Wed Feb 14 23:17:03 CST 2024
Menu Activated: Edit | Modes | Edit | Toggle Measure Distance
--------------- 156 --------------
  Wed Feb 14 23:17:03 CST 2024
ProcessKeyBinding 400 when=1707974223963 modifiers=0 code=0 char=6d(m) false false
--------------- 157 --------------
  Wed Feb 14 23:17:03 CST 2024
Menu Activated: Edit | Modes | Edit | Toggle Measure Distance
--------------- 158 --------------
  Wed Feb 14 23:17:03 CST 2024
ProcessKeyBinding 400 when=1707974223998 modifiers=0 code=0 char=6d(m) false false
--------------- 159 --------------
  Wed Feb 14 23:17:04 CST 2024
Menu Activated: Edit | Modes | Edit | Toggle Measure Distance
--------------- 160 --------------
  Wed Feb 14 23:17:04 CST 2024
ProcessKeyBinding 400 when=1707974224033 modifiers=0 code=0 char=6d(m) false false
--------------- 161 --------------
  Wed Feb 14 23:17:04 CST 2024
Menu Activated: Edit | Modes | Edit | Toggle Measure Distance
--------------- 162 --------------
  Wed Feb 14 23:17:04 CST 2024
ProcessKeyBinding 400 when=1707974224066 modifiers=0 code=0 char=6d(m) false false
--------------- 163 --------------
  Wed Feb 14 23:17:04 CST 2024
Menu Activated: Edit | Modes | Edit | Toggle Measure Distance
--------------- 164 --------------
  Wed Feb 14 23:17:04 CST 2024
ProcessKeyBinding 400 when=1707974224097 modifiers=0 code=0 char=6d(m) false false
--------------- 165 --------------
  Wed Feb 14 23:29:48 CST 2024
Menu Activated: File | New Library...
--------------- 166 --------------
  Wed Feb 14 23:36:57 CST 2024
Menu Activated: File | Save Library
